Determining if the pthread_create exist failed with the following output:
Change Dir: /home/alumno/Programacion/ATCSim/build/CMakeFiles/CMakeTmp

Run Build Command:"/usr/bin/make" "cmTC_1d79b/fast"
/usr/bin/make -f CMakeFiles/cmTC_1d79b.dir/build.make CMakeFiles/cmTC_1d79b.dir/build
make[1]: se entra en el directorio '/home/alumno/Programacion/ATCSim/build/CMakeFiles/CMakeTmp'
Building C object CMakeFiles/cmTC_1d79b.dir/CheckSymbolExists.c.o
/usr/bin/cc     -o CMakeFiles/cmTC_1d79b.dir/CheckSymbolExists.c.o   -c /home/alumno/Programacion/ATCSim/build/CMakeFiles/CMakeTmp/CheckSymbolExists.c
Linking C executable cmTC_1d79b
/usr/bin/cmake -E cmake_link_script CMakeFiles/cmTC_1d79b.dir/link.txt --verbose=1
/usr/bin/cc       CMakeFiles/cmTC_1d79b.dir/CheckSymbolExists.c.o  -o cmTC_1d79b -rdynamic 
CMakeFiles/cmTC_1d79b.dir/CheckSymbolExists.c.o: En la función `main':
CheckSymbolExists.c:(.text+0x16): referencia a `pthread_create' sin definir
collect2: error: ld returned 1 exit status
CMakeFiles/cmTC_1d79b.dir/build.make:97: fallo en las instrucciones para el objetivo 'cmTC_1d79b'
make[1]: *** [cmTC_1d79b] Error 1
make[1]: se sale del directorio '/home/alumno/Programacion/ATCSim/build/CMakeFiles/CMakeTmp'
Makefile:126: fallo en las instrucciones para el objetivo 'cmTC_1d79b/fast'
make: *** [cmTC_1d79b/fast] Error 2

File /home/alumno/Programacion/ATCSim/build/CMakeFiles/CMakeTmp/CheckSymbolExists.c:
/* */
#include <pthread.h>

int main(int argc, char** argv)
{
  (void)argv;
#ifndef pthread_create
  return ((int*)(&pthread_create))[argc];
#else
  (void)argc;
  return 0;
#endif
}

Determining if the function pthread_create exists in the pthreads failed with the following output:
Change Dir: /home/alumno/Programacion/ATCSim/build/CMakeFiles/CMakeTmp

Run Build Command:"/usr/bin/make" "cmTC_bc749/fast"
/usr/bin/make -f CMakeFiles/cmTC_bc749.dir/build.make CMakeFiles/cmTC_bc749.dir/build
make[1]: se entra en el directorio '/home/alumno/Programacion/ATCSim/build/CMakeFiles/CMakeTmp'
Building C object CMakeFiles/cmTC_bc749.dir/CheckFunctionExists.c.o
/usr/bin/cc    -DCHECK_FUNCTION_EXISTS=pthread_create   -o CMakeFiles/cmTC_bc749.dir/CheckFunctionExists.c.o   -c /usr/share/cmake-3.5/Modules/CheckFunctionExists.c
Linking C executable cmTC_bc749
/usr/bin/cmake -E cmake_link_script CMakeFiles/cmTC_bc749.dir/link.txt --verbose=1
/usr/bin/cc   -DCHECK_FUNCTION_EXISTS=pthread_create    CMakeFiles/cmTC_bc749.dir/CheckFunctionExists.c.o  -o cmTC_bc749 -rdynamic -lpthreads 
/usr/bin/ld: no se puede encontrar -lpthreads
collect2: error: ld returned 1 exit status
CMakeFiles/cmTC_bc749.dir/build.make:97: fallo en las instrucciones para el objetivo 'cmTC_bc749'
make[1]: *** [cmTC_bc749] Error 1
make[1]: se sale del directorio '/home/alumno/Programacion/ATCSim/build/CMakeFiles/CMakeTmp'
Makefile:126: fallo en las instrucciones para el objetivo 'cmTC_bc749/fast'
make: *** [cmTC_bc749/fast] Error 2


